#
# There is insufficient memory for the Java Runtime Environment to continue.
# Native memory allocation (mmap) failed to map 150994944 bytes for committing reserved memory.
# Possible reasons:
#   The system is out of physical RAM or swap space
#   In 32 bit mode, the process size limit was hit
# Possible solutions:
#   Reduce memory load on the system
#   Increase physical memory or swap space
#   Check if swap backing store is full
#   Use 64 bit Java on a 64 bit OS
#   Decrease Java heap size (-Xmx/-Xms)
#   Decrease number of Java threads
#   Decrease Java thread stack sizes (-Xss)
#   Set larger code cache with -XX:ReservedCodeCacheSize=
# This output file may be truncated or incomplete.
#
#  Out of Memory Error (os_linux.cpp:2640), pid=15168, tid=0x00007fdec68ae700
#
# JRE version: OpenJDK Runtime Environment (8.0_152-b01) (build 1.8.0_152-release-1024-b01)
# Java VM: OpenJDK 64-Bit Server VM (25.152-b01 mixed mode linux-amd64 compressed oops)
# Failed to write core dump. Core dumps have been disabled. To enable core dumping, try "ulimit -c unlimited" before starting Java again
#

---------------  T H R E A D  ---------------

Current thread (0x00007fdee4079000):  VMThread [stack: 0x00007fdec67af000,0x00007fdec68af000] [id=15178]

Stack: [0x00007fdec67af000,0x00007fdec68af000],  sp=0x00007fdec68ad460,  free space=1017k
Native frames: (J=compiled Java code, j=interpreted, Vv=VM code, C=native code)
V  [libjvm.so+0x9ed02d]  VMError::report_and_die()+0x15d
V  [libjvm.so+0x4b99fa]  report_vm_out_of_memory(char const*, int, unsigned long, VMErrorType, char const*)+0x8a
V  [libjvm.so+0x852c20]  os::pd_commit_memory(char*, unsigned long, unsigned long, bool)+0xf0
V  [libjvm.so+0x84d72f]  os::commit_memory(char*, unsigned long, unsigned long, bool)+0x1f
V  [libjvm.so+0x8c448b]  PSVirtualSpace::expand_by(unsigned long)+0x5b
V  [libjvm.so+0x8c5100]  PSYoungGen::resize_generation(unsigned long, unsigned long)+0xb0
V  [libjvm.so+0x8c541b]  PSYoungGen::resize(unsigned long, unsigned long)+0x1b
V  [libjvm.so+0x8c1b0c]  PSScavenge::invoke_no_policy()+0xdac
V  [libjvm.so+0x8c22e8]  PSScavenge::invoke()+0x38
V  [libjvm.so+0x876633]  ParallelScavengeHeap::failed_mem_allocate(unsigned long)+0x63
V  [libjvm.so+0x9eeb54]  VM_ParallelGCFailedAllocation::doit()+0x84
V  [libjvm.so+0x9f3067]  VM_Operation::evaluate()+0x47
V  [libjvm.so+0x9f1a48]  VMThread::evaluate_operation(VM_Operation*)+0x2c8
V  [libjvm.so+0x9f1ec9]  VMThread::loop()+0x219
V  [libjvm.so+0x9f2312]  VMThread::run()+0x72
V  [libjvm.so+0x850032]  java_start(Thread*)+0xf2

VM_Operation (0x00007fdec4f0aaf0): ParallelGCFailedAllocation, mode: safepoint, requested by thread 0x00007fdee4580800


---------------  P R O C E S S  ---------------

Java Threads: ( => current thread )
  0x00007fdee4587000 JavaThread "/0:0:0:0:0:0:0:1:53622 to /0:0:0:0:0:0:0:1:45009 workers Thread 3" [_thread_in_native, id=15193, stack(0x00007fdec4c0e000,0x00007fdec4d0f000)]
  0x00007fdee45bc800 JavaThread "/0:0:0:0:0:0:0:1:53622 to /0:0:0:0:0:0:0:1:45009 workers Thread 2" [_thread_blocked, id=15192, stack(0x00007fdec4d0f000,0x00007fdec4e10000)]
  0x00007fdee4580800 JavaThread "Test worker" [_thread_blocked, id=15191, stack(0x00007fdec4e10000,0x00007fdec4f11000)]
  0x00007fdee4100000 JavaThread "Service Thread" daemon [_thread_blocked, id=15185, stack(0x00007fdec56b2000,0x00007fdec57b3000)]
  0x00007fdee40f4800 JavaThread "C1 CompilerThread2" daemon [_thread_blocked, id=15184, stack(0x00007fdec57b4000,0x00007fdec58b4000)]
  0x00007fdee40f2800 JavaThread "C2 CompilerThread1" daemon [_thread_in_native, id=15183, stack(0x00007fdec58b5000,0x00007fdec59b5000)]
  0x00007fdee40f1000 JavaThread "C2 CompilerThread0" daemon [_thread_in_native, id=15182, stack(0x00007fdec59b6000,0x00007fdec5ab6000)]
  0x00007fdee40ef000 JavaThread "Signal Dispatcher" daemon [_thread_blocked, id=15181, stack(0x00007fdec5ab6000,0x00007fdec5bb7000)]
  0x00007fdee4085000 JavaThread "Finalizer" daemon [_thread_blocked, id=15180, stack(0x00007fdec65ac000,0x00007fdec66ad000)]
  0x00007fdee4080800 JavaThread "Reference Handler" daemon [_thread_blocked, id=15179, stack(0x00007fdec66ad000,0x00007fdec67ae000)]
  0x00007fdee400b800 JavaThread "main" [_thread_blocked, id=15173, stack(0x00007fdeeb0d0000,0x00007fdeeb1d0000)]

Other Threads:
=>0x00007fdee4079000 VMThread [stack: 0x00007fdec67af000,0x00007fdec68af000] [id=15178]
  0x00007fdee4102800 WatcherThread [stack: 0x00007fdec55b2000,0x00007fdec56b2000] [id=15186]

VM state:at safepoint (normal execution)

VM Mutex/Monitor currently owned by a thread:  ([mutex/lock_event])
[0x00007fdee4007ec0] Threads_lock - owner thread: 0x00007fdee4079000
[0x00007fdee40083c0] Heap_lock - owner thread: 0x00007fdee4580800

Heap:
 PSYoungGen      total 142848K, used 16368K [0x00000000d7200000, 0x00000000e0e00000, 0x0000000100000000)
  eden space 126464K, 0% used [0x00000000d7200000,0x00000000d7200000,0x00000000ded80000)
  from space 16384K, 99% used [0x00000000ded80000,0x00000000dfd7c010,0x00000000dfd80000)
  to   space 15872K, 0% used [0x00000000dfd80000,0x00000000dfd80000,0x00000000e0d00000)
 ParOldGen       total 84992K, used 40439K [0x0000000085600000, 0x000000008a900000, 0x00000000d7200000)
  object space 84992K, 47% used [0x0000000085600000,0x0000000087d7df70,0x000000008a900000)
 Metaspace       used 16624K, capacity 17086K, committed 17152K, reserved 1064960K
  class space    used 1886K, capacity 2029K, committed 2048K, reserved 1048576K

Card table byte_map: [0x00007fded486a000,0x00007fded4c40000] byte_map_base: 0x00007fded443f000

Marking Bits: (ParMarkBitMap*) 0x00007fdeea566440
 Begin Bits: [0x00007fdecc2b0000, 0x00007fdece158000)
 End Bits:   [0x00007fdece158000, 0x00007fded0000000)

Polling page: 0x00007fdeeb1e4000

CodeCache: size=245760Kb used=9853Kb max_used=9853Kb free=235906Kb
 bounds [0x00007fded5000000, 0x00007fded59b0000, 0x00007fdee4000000]
 total_blobs=2943 nmethods=2566 adapters=291
 compilation: enabled

Compilation events (10 events):
Event: 7,264 Thread 0x00007fdee40f4800 2586       3       java.lang.invoke.InvokerBytecodeGenerator::storeInsnOpcode (86 bytes)
Event: 7,265 Thread 0x00007fdee40f4800 nmethod 2586 0x00007fded59a3310 code [0x00007fded59a3520, 0x00007fded59a4078]
Event: 7,265 Thread 0x00007fdee40f4800 2584       3       jdk.internal.org.objectweb.asm.ClassWriter::visitMethod (24 bytes)
Event: 7,265 Thread 0x00007fdee40f4800 nmethod 2584 0x00007fded59a4550 code [0x00007fded59a46c0, 0x00007fded59a48e8]
Event: 7,265 Thread 0x00007fdee40f4800 2587       1       java.lang.invoke.DirectMethodHandle::internalMemberName (5 bytes)
Event: 7,265 Thread 0x00007fdee40f4800 nmethod 2587 0x00007fded5957bd0 code [0x00007fded5957d20, 0x00007fded5957e30]
Event: 7,271 Thread 0x00007fdee40f4800 2588       3       org.objectweb.asm.Item::<init> (5 bytes)
Event: 7,271 Thread 0x00007fdee40f4800 nmethod 2588 0x00007fded59a49d0 code [0x00007fded59a4b40, 0x00007fded59a4cf0]
Event: 7,303 Thread 0x00007fdee40f4800 2590       3       org.objectweb.asm.AnnotationWriter::visitEnd (43 bytes)
Event: 7,303 Thread 0x00007fdee40f4800 nmethod 2590 0x00007fded59a4d90 code [0x00007fded59a4f00, 0x00007fded59a50f0]

GC Heap History (10 events):
Event: 2,543 GC heap after
Heap after GC invocations=2 (full 0):
 PSYoungGen      total 36864K, used 5114K [0x00000000d7200000, 0x00000000dba00000, 0x0000000100000000)
  eden space 31744K, 0% used [0x00000000d7200000,0x00000000d7200000,0x00000000d9100000)
  from space 5120K, 99% used [0x00000000d9600000,0x00000000d9afea18,0x00000000d9b00000)
  to   space 5120K, 0% used [0x00000000d9100000,0x00000000d9100000,0x00000000d9600000)
 ParOldGen       total 84992K, used 2702K [0x0000000085600000, 0x000000008a900000, 0x00000000d7200000)
  object space 84992K, 3% used [0x0000000085600000,0x00000000858a3a90,0x000000008a900000)
 Metaspace       used 13367K, capacity 13696K, committed 14080K, reserved 1060864K
  class space    used 1580K, capacity 1680K, committed 1792K, reserved 1048576K
}
Event: 3,321 GC heap before
{Heap before GC invocations=3 (full 0):
 PSYoungGen      total 36864K, used 36858K [0x00000000d7200000, 0x00000000dba00000, 0x0000000100000000)
  eden space 31744K, 100% used [0x00000000d7200000,0x00000000d9100000,0x00000000d9100000)
  from space 5120K, 99% used [0x00000000d9600000,0x00000000d9afea18,0x00000000d9b00000)
  to   space 5120K, 0% used [0x00000000d9100000,0x00000000d9100000,0x00000000d9600000)
 ParOldGen       total 84992K, used 2702K [0x0000000085600000, 0x000000008a900000, 0x00000000d7200000)
  object space 84992K, 3% used [0x0000000085600000,0x00000000858a3a90,0x000000008a900000)
 Metaspace       used 14519K, capacity 14854K, committed 15104K, reserved 1062912K
  class space    used 1651K, capacity 1745K, committed 1792K, reserved 1048576K
Event: 3,346 GC heap after
Heap after GC invocations=3 (full 0):
 PSYoungGen      total 36864K, used 5114K [0x00000000d7200000, 0x00000000dba00000, 0x0000000100000000)
  eden space 31744K, 0% used [0x00000000d7200000,0x00000000d7200000,0x00000000d9100000)
  from space 5120K, 99% used [0x00000000d9100000,0x00000000d95fe9a8,0x00000000d9600000)
  to   space 5120K, 0% used [0x00000000db500000,0x00000000db500000,0x00000000dba00000)
 ParOldGen       total 84992K, used 12476K [0x0000000085600000, 0x000000008a900000, 0x00000000d7200000)
  object space 84992K, 14% used [0x0000000085600000,0x000000008622f300,0x000000008a900000)
 Metaspace       used 14519K, capacity 14854K, committed 15104K, reserved 1062912K
  class space    used 1651K, capacity 1745K, committed 1792K, reserved 1048576K
}
Event: 3,936 GC heap before
{Heap before GC invocations=4 (full 0):
 PSYoungGen      total 36864K, used 36858K [0x00000000d7200000, 0x00000000dba00000, 0x0000000100000000)
  eden space 31744K, 100% used [0x00000000d7200000,0x00000000d9100000,0x00000000d9100000)
  from space 5120K, 99% used [0x00000000d9100000,0x00000000d95fe9a8,0x00000000d9600000)
  to   space 5120K, 0% used [0x00000000db500000,0x00000000db500000,0x00000000dba00000)
 ParOldGen       total 84992K, used 12476K [0x0000000085600000, 0x000000008a900000, 0x00000000d7200000)
  object space 84992K, 14% used [0x0000000085600000,0x000000008622f300,0x000000008a900000)
 Metaspace       used 14784K, capacity 15142K, committed 15360K, reserved 1062912K
  class space    used 1670K, capacity 1777K, committed 1792K, reserved 1048576K
Event: 3,951 GC heap after
Heap after GC invocations=4 (full 0):
 PSYoungGen      total 68608K, used 5105K [0x00000000d7200000, 0x00000000dba00000, 0x0000000100000000)
  eden space 63488K, 0% used [0x00000000d7200000,0x00000000d7200000,0x00000000db000000)
  from space 5120K, 99% used [0x00000000db500000,0x00000000db9fc598,0x00000000dba00000)
  to   space 5120K, 0% used [0x00000000db000000,0x00000000db000000,0x00000000db500000)
 ParOldGen       total 84992K, used 16444K [0x0000000085600000, 0x000000008a900000, 0x00000000d7200000)
  object space 84992K, 19% used [0x0000000085600000,0x000000008660f3c0,0x000000008a900000)
 Metaspace       used 14784K, capacity 15142K, committed 15360K, reserved 1062912K
  class space    used 1670K, capacity 1777K, committed 1792K, reserved 1048576K
}
Event: 4,315 GC heap before
{Heap before GC invocations=5 (full 0):
 PSYoungGen      total 68608K, used 68593K [0x00000000d7200000, 0x00000000dba00000, 0x0000000100000000)
  eden space 63488K, 100% used [0x00000000d7200000,0x00000000db000000,0x00000000db000000)
  from space 5120K, 99% used [0x00000000db500000,0x00000000db9fc598,0x00000000dba00000)
  to   space 5120K, 0% used [0x00000000db000000,0x00000000db000000,0x00000000db500000)
 ParOldGen       total 84992K, used 16444K [0x0000000085600000, 0x000000008a900000, 0x00000000d7200000)
  object space 84992K, 19% used [0x0000000085600000,0x000000008660f3c0,0x000000008a900000)
 Metaspace       used 14808K, capacity 15142K, committed 15360K, reserved 1062912K
  class space    used 1670K, capacity 1777K, committed 1792K, reserved 1048576K
Event: 4,343 GC heap after
Heap after GC invocations=5 (full 0):
 PSYoungGen      total 68608K, used 5098K [0x00000000d7200000, 0x00000000e0d00000, 0x0000000100000000)
  eden space 63488K, 0% used [0x00000000d7200000,0x00000000d7200000,0x00000000db000000)
  from space 5120K, 99% used [0x00000000db000000,0x00000000db4fa9b8,0x00000000db500000)
  to   space 15872K, 0% used [0x00000000dfd80000,0x00000000dfd80000,0x00000000e0d00000)
 ParOldGen       total 84992K, used 24063K [0x0000000085600000, 0x000000008a900000, 0x00000000d7200000)
  object space 84992K, 28% used [0x0000000085600000,0x0000000086d7fc60,0x000000008a900000)
 Metaspace       used 14808K, capacity 15142K, committed 15360K, reserved 1062912K
  class space    used 1670K, capacity 1777K, committed 1792K, reserved 1048576K
}
Event: 4,744 GC heap before
{Heap before GC invocations=6 (full 0):
 PSYoungGen      total 68608K, used 68586K [0x00000000d7200000, 0x00000000e0d00000, 0x0000000100000000)
  eden space 63488K, 100% used [0x00000000d7200000,0x00000000db000000,0x00000000db000000)
  from space 5120K, 99% used [0x00000000db000000,0x00000000db4fa9b8,0x00000000db500000)
  to   space 15872K, 0% used [0x00000000dfd80000,0x00000000dfd80000,0x00000000e0d00000)
 ParOldGen       total 84992K, used 24063K [0x0000000085600000, 0x000000008a900000, 0x00000000d7200000)
  object space 84992K, 28% used [0x0000000085600000,0x0000000086d7fc60,0x000000008a900000)
 Metaspace       used 14886K, capacity 15270K, committed 15360K, reserved 1062912K
  class space    used 1672K, capacity 1777K, committed 1792K, reserved 1048576K
Event: 4,764 GC heap after
Heap after GC invocations=6 (full 0):
 PSYoungGen      total 142336K, used 12922K [0x00000000d7200000, 0x00000000e0e00000, 0x0000000100000000)
  eden space 126464K, 0% used [0x00000000d7200000,0x00000000d7200000,0x00000000ded80000)
  from space 15872K, 81% used [0x00000000dfd80000,0x00000000e0a1e9c8,0x00000000e0d00000)
  to   space 16384K, 0% used [0x00000000ded80000,0x00000000ded80000,0x00000000dfd80000)
 ParOldGen       total 84992K, used 24063K [0x0000000085600000, 0x000000008a900000, 0x00000000d7200000)
  object space 84992K, 28% used [0x0000000085600000,0x0000000086d7fc60,0x000000008a900000)
 Metaspace       used 14886K, capacity 15270K, committed 15360K, reserved 1062912K
  class space    used 1672K, capacity 1777K, committed 1792K, reserved 1048576K
}
Event: 7,331 GC heap before
{Heap before GC invocations=7 (full 0):
 PSYoungGen      total 142336K, used 139386K [0x00000000d7200000, 0x00000000e0e00000, 0x0000000100000000)
  eden space 126464K, 100% used [0x00000000d7200000,0x00000000ded80000,0x00000000ded80000)
  from space 15872K, 81% used [0x00000000dfd80000,0x00000000e0a1e9c8,0x00000000e0d00000)
  to   space 16384K, 0% used [0x00000000ded80000,0x00000000ded80000,0x00000000dfd80000)
 ParOldGen       total 84992K, used 24063K [0x0000000085600000, 0x000000008a900000, 0x00000000d7200000)
  object space 84992K, 28% used [0x0000000085600000,0x0000000086d7fc60,0x000000008a900000)
 Metaspace       used 16624K, capacity 17086K, committed 17152K, reserved 1064960K
  class space    used 1886K, capacity 2029K, committed 2048K, reserved 1048576K

Deoptimization events (10 events):
Event: 7,056 Thread 0x00007fdee4580800 Uncommon trap: reason=unstable_if action=reinterpret pc=0x00007fded581fe64 method=java.lang.reflect.Modifier.isFinal(I)Z @ 4
Event: 7,056 Thread 0x00007fdee4580800 Uncommon trap: reason=unstable_if action=reinterpret pc=0x00007fded57fa93c method=java.lang.reflect.Modifier.isFinal(I)Z @ 4
Event: 7,072 Thread 0x00007fdee4580800 Uncommon trap: reason=unloaded action=reinterpret pc=0x00007fded54cfe18 method=org.objectweb.asm.ClassReader.readConst(I[C)Ljava/lang/Object; @ 97
Event: 7,072 Thread 0x00007fdee4580800 Uncommon trap: reason=unstable_if action=reinterpret pc=0x00007fded56b5f6c method=org.objectweb.asm.ClassWriter.a(Ljava/lang/Object;)Lorg/objectweb/asm/Item; @ 117
Event: 7,116 Thread 0x00007fdee4580800 Uncommon trap: reason=unstable_if action=reinterpret pc=0x00007fded58bc39c method=java.util.HashMap.tableSizeFor(I)I @ 37
Event: 7,116 Thread 0x00007fdee4580800 Uncommon trap: reason=unstable_if action=reinterpret pc=0x00007fded586eef4 method=java.util.LinkedHashMap.afterNodeInsertion(Z)V @ 1
Event: 7,204 Thread 0x00007fdee4580800 Uncommon trap: reason=unstable_if action=reinterpret pc=0x00007fded5977708 method=org.objectweb.asm.Frame.a(Lorg/objectweb/asm/ClassWriter;Lorg/objectweb/asm/Frame;I)Z @ 59
Event: 7,208 Thread 0x00007fdee4580800 Uncommon trap: reason=unstable_if action=reinterpret pc=0x00007fded538a170 method=org.objectweb.asm.Frame.a(Lorg/objectweb/asm/ClassWriter;I[II)Z @ 60
Event: 7,209 Thread 0x00007fdee4580800 Uncommon trap: reason=unstable_if action=reinterpret pc=0x00007fded58b4ac0 method=org.objectweb.asm.MethodWriter.visitLdcInsn(Ljava/lang/Object;)V @ 117
Event: 7,225 Thread 0x00007fdee4580800 Uncommon trap: reason=unstable_if action=reinterpret pc=0x00007fded53a2fd4 method=org.objectweb.asm.Item.a(Lorg/objectweb/asm/Item;)Z @ 251

Classes redefined (0 events):
No events

Internal exceptions (10 events):
Event: 1,774 Thread 0x00007fdee4580800 Exception <a 'java/security/PrivilegedActionException'> (0x00000000d72158a0) thrown at [/usr/local/google/home/ralucas/source/AOSP-openjdk-git/jdk8u/hotspot/src/share/vm/prims/jvm.cpp, line 1390]
Event: 3,151 Thread 0x00007fdee4580800 Exception <a 'java/security/PrivilegedActionException'> (0x00000000d8fed3e0) thrown at [/usr/local/google/home/ralucas/source/AOSP-openjdk-git/jdk8u/hotspot/src/share/vm/prims/jvm.cpp, line 1390]
Event: 3,151 Thread 0x00007fdee4580800 Exception <a 'java/security/PrivilegedActionException'> (0x00000000d8fed9c0) thrown at [/usr/local/google/home/ralucas/source/AOSP-openjdk-git/jdk8u/hotspot/src/share/vm/prims/jvm.cpp, line 1390]
Event: 4,099 Thread 0x00007fdee4580800 Implicit null exception at 0x00007fded569abb3 to 0x00007fded569b6a5
Event: 5,136 Thread 0x00007fdee4580800 Implicit null exception at 0x00007fded55eb1cd to 0x00007fded55ec171
Event: 5,150 Thread 0x00007fdee4580800 Implicit null exception at 0x00007fded5237d35 to 0x00007fded52380e5
Event: 5,150 Thread 0x00007fdee4580800 Implicit null exception at 0x00007fded520b7f6 to 0x00007fded520bba9
Event: 5,153 Thread 0x00007fdee4580800 Implicit null exception at 0x00007fded552f03f to 0x00007fded552f165
Event: 5,165 Thread 0x00007fdee4580800 Implicit null exception at 0x00007fded56c2e8c to 0x00007fded56c4555
Event: 5,165 Thread 0x00007fdee4580800 Implicit null exception at 0x00007fded567b163 to 0x00007fded567b4ed

Events (10 events):
Event: 7,259 loading class android/text/TextUtils$1 done
Event: 7,262 loading class libcore/icu/ICU
Event: 7,262 loading class libcore/icu/ICU done
Event: 7,304 loading class org/robolectric/shadows/ShadowICU
Event: 7,304 loading class org/robolectric/shadows/ShadowICU done
Event: 7,322 loading class libcore/icu/LocaleData
Event: 7,322 loading class libcore/icu/LocaleData done
Event: 7,329 loading class libcore/util/BasicLruCache
Event: 7,329 loading class libcore/util/BasicLruCache done
Event: 7,331 Executing VM operation: ParallelGCFailedAllocation


Dynamic libraries:
00400000-00401000 r-xp 00000000 08:11 3017209                            /opt/android-studio/jre/bin/java
00600000-00601000 r--p 00000000 08:11 3017209                            /opt/android-studio/jre/bin/java
00601000-00602000 rw-p 00001000 08:11 3017209                            /opt/android-studio/jre/bin/java
024f3000-02514000 rw-p 00000000 00:00 0                                  [heap]
85600000-8a900000 rw-p 00000000 00:00 0 
8a900000-d7200000 ---p 00000000 00:00 0 
d7200000-e0e00000 rw-p 00000000 00:00 0 
e9e00000-100000000 ---p 00000000 00:00 0 
100000000-100200000 rw-p 00000000 00:00 0 
100200000-140000000 ---p 00000000 00:00 0 
7fde88000000-7fde88021000 rw-p 00000000 00:00 0 
7fde88021000-7fde8c000000 ---p 00000000 00:00 0 
7fde8c000000-7fde8c06e000 rw-p 00000000 00:00 0 
7fde8c06e000-7fde90000000 ---p 00000000 00:00 0 
7fde90000000-7fde90021000 rw-p 00000000 00:00 0 
7fde90021000-7fde94000000 ---p 00000000 00:00 0 
7fde94000000-7fde94924000 rw-p 00000000 00:00 0 
7fde94924000-7fde98000000 ---p 00000000 00:00 0 
7fde98000000-7fde988a8000 rw-p 00000000 00:00 0 
7fde988a8000-7fde9c000000 ---p 00000000 00:00 0 
7fde9c000000-7fde9c021000 rw-p 00000000 00:00 0 
7fde9c021000-7fdea0000000 ---p 00000000 00:00 0 
7fdea0000000-7fdea0e91000 rw-p 00000000 00:00 0 
7fdea0e91000-7fdea4000000 ---p 00000000 00:00 0 
7fdea4000000-7fdea5520000 rw-p 00000000 00:00 0 
7fdea5520000-7fdea8000000 ---p 00000000 00:00 0 
7fdea8000000-7fdea8021000 rw-p 00000000 00:00 0 
7fdea8021000-7fdeac000000 ---p 00000000 00:00 0 
7fdeacbe7000-7fdeacca7000 rw-p 00000000 00:00 0 
7fdeacca7000-7fdeacde7000 ---p 00000000 00:00 0 
7fdeacde7000-7fdeacdfe000 r-xp 00000000 08:11 4985532                    /lib/x86_64-linux-gnu/libgcc_s.so.1
7fdeacdfe000-7fdeacffd000 ---p 00017000 08:11 4985532                    /lib/x86_64-linux-gnu/libgcc_s.so.1
7fdeacffd000-7fdeacffe000 r--p 00016000 08:11 4985532                    /lib/x86_64-linux-gnu/libgcc_s.so.1
7fdeacffe000-7fdeacfff000 rw-p 00017000 08:11 4985532                    /lib/x86_64-linux-gnu/libgcc_s.so.1
7fdeacfff000-7fdeb0000000 rw-p 00000000 00:00 0 
7fdeb0000000-7fdeb0021000 rw-p 00000000 00:00 0 
7fdeb0021000-7fdeb4000000 ---p 00000000 00:00 0 
7fdeb4000000-7fdeb4021000 rw-p 00000000 00:00 0 
7fdeb4021000-7fdeb8000000 ---p 00000000 00:00 0 
7fdeb8000000-7fdeb8021000 rw-p 00000000 00:00 0 
7fdeb8021000-7fdebc000000 ---p 00000000 00:00 0 
7fdebc000000-7fdebc27f000 rw-p 00000000 00:00 0 
7fdebc27f000-7fdec0000000 ---p 00000000 00:00 0 
7fdec0000000-7fdec0021000 rw-p 00000000 00:00 0 
7fdec0021000-7fdec4000000 ---p 00000000 00:00 0 
7fdec40da000-7fdec40df000 r--s 0003b000 08:11 3017276                    /opt/android-studio/jre/jre/lib/ext/sunjce_provider.jar
7fdec40df000-7fdec4115000 r-xp 00000000 08:11 3017301                    /opt/android-studio/jre/jre/lib/amd64/libsunec.so
7fdec4115000-7fdec4314000 ---p 00036000 08:11 3017301                    /opt/android-studio/jre/jre/lib/amd64/libsunec.so
7fdec4314000-7fdec4319000 r--p 00035000 08:11 3017301                    /opt/android-studio/jre/jre/lib/amd64/libsunec.so
7fdec4319000-7fdec431b000 rw-p 0003a000 08:11 3017301                    /opt/android-studio/jre/jre/lib/amd64/libsunec.so
7fdec431b000-7fdec432c000 rw-p 00000000 00:00 0 
7fdec432c000-7fdec432e000 r--s 00008000 08:11 3017272                    /opt/android-studio/jre/jre/lib/ext/sunec.jar
7fdec432e000-7fdec4332000 r--s 00037000 08:11 3017280                    /opt/android-studio/jre/jre/lib/ext/sunpkcs11.jar
7fdec4332000-7fdec4335000 r--s 00015000 08:11 3017331                    /opt/android-studio/jre/jre/lib/jce.jar
7fdec4335000-7fdec4535000 rw-p 00000000 00:00 0 
7fdec4535000-7fdec4547000 r--s 00345000 08:11 3017324                    /opt/android-studio/jre/jre/lib/resources.jar
7fdec4547000-7fdec4747000 rw-p 00000000 00:00 0 
7fdec4747000-7fdec49e9000 r--s 03424000 08:11 5908894                    /home/accueil/.m2/repository/org/robolectric/android-all/5.1.1_r9-robolectric-r2/android-all-5.1.1_r9-robolectric-r2.jar
7fdec49e9000-7fdec49f3000 r--s 00116000 08:11 3017277                    /opt/android-studio/jre/jre/lib/ext/localedata.jar
7fdec49f3000-7fdec4a0e000 r--s 00394000 08:11 3017279                    /opt/android-studio/jre/jre/lib/ext/cldrdata.jar
7fdec4a0e000-7fdec4c0e000 rw-p 00000000 00:00 0 
7fdec4c0e000-7fdec4c11000 ---p 00000000 00:00 0 
7fdec4c11000-7fdec4d0f000 rw-p 00000000 00:00 0 
7fdec4d0f000-7fdec4d12000 ---p 00000000 00:00 0 
7fdec4d12000-7fdec4e10000 rw-p 00000000 00:00 0 
7fdec4e10000-7fdec4e13000 ---p 00000000 00:00 0 
7fdec4e13000-7fdec4f11000 rw-p 00000000 00:00 0 
7fdec4f11000-7fdec4f22000 r-xp 00000000 08:11 3017321                    /opt/android-studio/jre/jre/lib/amd64/libnio.so
7fdec4f22000-7fdec5121000 ---p 00011000 08:11 3017321                    /opt/android-studio/jre/jre/lib/amd64/libnio.so
7fdec5121000-7fdec5122000 r--p 00010000 08:11 3017321                    /opt/android-studio/jre/jre/lib/amd64/libnio.so
7fdec5122000-7fdec5123000 rw-p 00011000 08:11 3017321                    /opt/android-studio/jre/jre/lib/amd64/libnio.so
7fdec5123000-7fdec5128000 r--s 0009a000 08:11 3017352                    /opt/android-studio/jre/jre/lib/jsse.jar
7fdec5128000-7fdec513e000 r-xp 00000000 08:11 3017300                    /opt/android-studio/jre/jre/lib/amd64/libnet.so
7fdec513e000-7fdec533e000 ---p 00016000 08:11 3017300                    /opt/android-studio/jre/jre/lib/amd64/libnet.so
7fdec533e000-7fdec533f000 r--p 00016000 08:11 3017300                    /opt/android-studio/jre/jre/lib/amd64/libnet.so
7fdec533f000-7fdec5340000 rw-p 00017000 08:11 3017300                    /opt/android-studio/jre/jre/lib/amd64/libnet.so
7fdec5340000-7fdec5348000 r--s 00045000 08:11 6034590                    /home/accueil/.gradle/wrapper/dists/gradle-4.4-all/9br9xq1tocpiv8o6njlyu5op1/gradle-4.4/lib/plugins/junit-4.12.jar
7fdec5348000-7fdec534d000 r--s 00041000 08:11 6034496                    /home/accueil/.gradle/wrapper/dists/gradle-4.4-all/9br9xq1tocpiv8o6njlyu5op1/gradle-4.4/lib/commons-lang-2.6.jar
7fdec534d000-7fdec5351000 r--s 00026000 08:11 6034486                    /home/accueil/.gradle/wrapper/dists/gradle-4.4-all/9br9xq1tocpiv8o6njlyu5op1/gradle-4.4/lib/kryo-2.20.jar
7fdec5351000-7fdec5355000 r--s 00012000 08:11 6034502                    /home/accueil/.gradle/wrapper/dists/gradle-4.4-all/9br9xq1tocpiv8o6njlyu5op1/gradle-4.4/lib/native-platform-0.14.jar
7fdec5355000-7fdec5357000 r--s 00000000 08:11 6034490                    /home/accueil/.gradle/wrapper/dists/gradle-4.4-all/9br9xq1tocpiv8o6njlyu5op1/gradle-4.4/lib/jul-to-slf4j-1.7.10.jar
7fdec5357000-7fdec5358000 r--s 00007000 08:11 6034493                    /home/accueil/.gradle/wrapper/dists/gradle-4.4-all/9br9xq1tocpiv8o6njlyu5op1/gradle-4.4/lib/slf4j-api-1.7.10.jar
7fdec5358000-7fdec535a000 r--s 00006000 08:11 6034475                    /home/accueil/.gradle/wrapper/dists/gradle-4.4-all/9br9xq1tocpiv8o6njlyu5op1/gradle-4.4/lib/gradle-process-services-4.4.jar
7fdec535a000-7fdec535e000 r--s 00019000 08:11 6034551                    /home/accueil/.gradle/wrapper/dists/gradle-4.4-all/9br9xq1tocpiv8o6njlyu5op1/gradle-4.4/lib/plugins/gradle-testing-jvm-4.4.jar
7fdec535e000-7fdec5366000 r--s 00030000 08:11 6034557                    /home/accueil/.gradle/wrapper/dists/gradle-4.4-all/9br9xq1tocpiv8o6njlyu5op1/gradle-4.4/lib/plugins/gradle-testing-base-4.4.jar
7fdec5366000-7fdec5369000 r--s 0000c000 08:11 6034478                    /home/accueil/.gradle/wrapper/dists/gradle-4.4-all/9br9xq1tocpiv8o6njlyu5op1/gradle-4.4/lib/gradle-native-4.4.jar
7fdec5369000-7fdec536b000 r--s 00005000 08:11 6034485                    /home/accueil/.gradle/wrapper/dists/gradle-4.4-all/9br9xq1tocpiv8o6njlyu5op1/gradle-4.4/lib/gradle-cli-4.4.jar
7fdec536b000-7fdec5376000 r--s 0005b000 08:11 6034483                    /home/accueil/.gradle/wrapper/dists/gradle-4.4-all/9br9xq1tocpiv8o6njlyu5op1/gradle-4.4/lib/gradle-base-services-4.4.jar
7fdec5376000-7fdec537c000 r--s 0002b000 08:11 6034482                    /home/accueil/.gradle/wrapper/dists/gradle-4.4-all/9br9xq1tocpiv8o6njlyu5op1/gradle-4.4/lib/gradle-messaging-4.4.jar
7fdec537c000-7fdec5383000 r--s 0002f000 08:11 6034474                    /home/accueil/.gradle/wrapper/dists/gradle-4.4-all/9br9xq1tocpiv8o6njlyu5op1/gradle-4.4/lib/gradle-logging-4.4.jar
7fdec5383000-7fdec53bf000 r--s 00204000 08:11 6034470                    /home/accueil/.gradle/wrapper/dists/gradle-4.4-all/9br9xq1tocpiv8o6njlyu5op1/gradle-4.4/lib/gradle-core-4.4.jar
7fdec53bf000-7fdec53cb000 r--s 00032000 08:11 6034472                    /home/accueil/.gradle/wrapper/dists/gradle-4.4-all/9br9xq1tocpiv8o6njlyu5op1/gradle-4.4/lib/gradle-core-api-4.4.jar
7fdec53cb000-7fdec540c000 r--s 00296000 08:11 393756                     /home/accueil/AndroidStudioProjects/myFamilyPhotoAlbum/app/build/generated/mockable-android-28.v3.jar
7fdec540c000-7fdec540f000 r--s 00019000 08:11 788793                     /home/accueil/.gradle/caches/modules-2/files-2.1/nekohtml/nekohtml/1.9.6.2/2d960be7b62ae6622dbbbe49ab4ffdc609f85c80/nekohtml-1.9.6.2.jar
7fdec540f000-7fdec5411000 r--s 00008000 08:11 788792                     /home/accueil/.gradle/caches/modules-2/files-2.1/nekohtml/xercesMinimal/1.9.6.2/d1c5e063683a0e6f77cd5f051a9d4af48346fa6/xercesMinimal-1.9.6.2.jar
7fdec5411000-7fdec5419000 r--s 00049000 08:11 788791                     /home/accueil/.gradle/caches/modules-2/files-2.1/backport-util-concurrent/backport-util-concurrent/3.1/682f7ac17fed79e92f8e87d8455192b63376347b/backport-util-concurrent-3.1.jar
7fdec5419000-7fdec5421000 r--s 0008a000 08:11 788790                     /home/accueil/.gradle/caches/modules-2/files-2.1/com.google.protobuf/protobuf-java/2.6.1/d9521f2aecb909835746b7a5facf612af5e890e8/protobuf-java-2.6.1.jar
7fdec5421000-7fdec5423000 r--s 0000b000 08:11 788788                     /home/accueil/.gradle/caches/modules-2/files-2.1/org.codehaus.plexus/plexus-interpolation/1.11/ad9dddff6043194904ad1d2c00ff1d003c3915f7/plexus-interpolation-1.11.jar
7fdec5423000-7fdec5427000 r--s 00034000 08:11 788789                     /home/accueil/.gradle/caches/modules-2/files-2.1/org.codehaus.plexus/plexus-utils/1.5.15/c689598ce1eb94c304817877ed15911099972526/plexus-utils-1.5.15.jar
7fdec5427000-7fdec5429000 r--s 00005000 08:11 788787                     /home/accueil/.gradle/caches/modules-2/files-2.1/org.apache.maven/maven-repository-metadata/2.2.1/98f0c07fcf1eeb213bef8d9316a9935184084b06/maven-repository-metadata-2.2.1.jar
7fdec5429000-7fdec542b000 r--s 0000b000 08:11 788786                     /home/accueil/.gradle/caches/modules-2/files-2.1/org.apache.maven.wagon/wagon-provider-api/1.0-beta-6/3f952e0282ae77ae59851d96bb18015e520b6208/wagon-provider-api-1.0-beta-6.jar
7fdec542b000-7fdec542d000 r--s 00005000 08:11 788785                     /home/accueil/.gradle/caches/modules-2/files-2.1/org.apache.maven.wagon/wagon-http-shared/1.0-beta-6/ccd70d7e0d8c085e648a83f072da06ca9a53be94/wagon-http-shared-1.0-beta-6.jar
7fdec542d000-7fdec542e000 r--s 00003000 08:11 788784                     /home/accueil/.gradle/caches/modules-2/files-2.1/org.apache.maven.wagon/wagon-http-lightweight/1.0-beta-6/b3815078570c3b1f0667e123d59717c6b726c6c2/wagon-http-lightweight-1.0-beta-6.jar
7fdec542e000-7fdec542f000 r--s 00002000 08:11 788783                     /home/accueil/.gradle/caches/modules-2/files-2.1/org.apache.maven.wagon/wagon-file/1.0-beta-6/6c53633505460caf49d2660de1e24744d915afb9/wagon-file-1.0-beta-6.jar
7fdec542f000-7fdec5431000 r--s 00014000 08:11 788782                     /home/accueil/.gradle/caches/modules-2/files-2.1/org.apache.maven/maven-model/2.2.1/c0a1c17436ec3ff5a56207c031d82277b4250a29/maven-model-2.2.1.jar
7fdec5431000-7fdec5434000 r--s 00011000 08:11 788781                     /home/accueil/.gradle/caches/modules-2/files-2.1/org.apache.maven/maven-artifact/2.2.1/23600f790d4dab2cb965419eaa982e3e84c428f8/maven-artifact-2.2.1.jar
7fdec5434000-7fdec5436000 r--s 00008000 08:11 788780                     /home/accueil/.gradle/caches/modules-2/files-2.1/classworlds/classworlds/1.1-alpha-2/5adf2e681c57d7f48038b602f3ca2254ee82d47/classworlds-1.1-alpha-2.jar
7fdec5436000-7fdec543d000 r--s 00029000 08:11 788779                     /home/accueil/.gradle/caches/modules-2/files-2.1/org.codehaus.plexus/plexus-container-default/1.0-alpha-9-stable-1/94aea3010e250a334d9dab7f591114cd6c767458/plexus-container-default-1.0-alpha-9-stable-1.jar
7fdec543d000-7fdec543f000 r--s 00006000 08:11 788778                     /home/accueil/.gradle/caches/modules-2/files-2.1/org.apache.maven/maven-plugin-registry/2.2.1/72a24b7775649af78f3986b5aa7eb354b9674cfd/maven-plugin-registry-2.2.1.jar
7fdec543f000-7fdec5441000 r--s 00007000 08:11 788777                     /home/accueil/.gradle/caches/modules-2/files-2.1/org.apache.maven/maven-profile/2.2.1/3950071587027e5086e9c395574a60650c432738/maven-profile-2.2.1.jar
7fdec5441000-7fdec5442000 r--s 0000b000 08:11 788776                     /home/accueil/.gradle/caches/modules-2/files-2.1/org.apache.maven/maven-settings/2.2.1/2236ffe71fa5f78ce42b0f5fc22c54ed45f14294/maven-settings-2.2.1.jar
7fdec5442000-7fdec5444000 r--s 00002000 08:11 788775                     /home/accueil/.gradle/caches/modules-2/files-2.1/org.apache.maven/maven-error-diagnostics/2.2.1/e81bb342d7d172f23d108dc8fa979a1facdcde8e/maven-error-diagnostics-2.2.1.jar
7fdec5444000-7fdec5446000 r--s 0000f000 08:11 788774                     /home/accueil/.gradle/caches/modules-2/files-2.1/org.apache.maven/maven-artifact-manager/2.2.1/ec355b913c34d37080810f98e3f51abecbe1572b/maven-artifact-manager-2.2.1.jar
7fdec5446000-7fdec544a000 r--s 00023000 08:11 788773                     /home/accueil/.gradle/caches/modules-2/files-2.1/org.apache.maven/maven-project/2.2.1/8239e98c16f641d55a4ad0e0bab0aee3aff8933f/maven-project-2.2.1.jar
7fdec544a000-7fdec544b000 r--s 00002000 08:11 788772                     /home/accueil/.gradle/caches/modules-2/files-2.1/org.apache.ant/ant-launcher/1.8.0/8b53ba16fa62fb1034da8f1de200ddc407c8381/ant-launcher-1.8.0.jar
7fdec544b000-7fdec544d000 r--s 00005000 08:11 788771                     /home/accueil/.gradle/caches/modules-2/files-2.1/xpp3/xpp3_min/1.1.4c/19d4e90b43059058f6e056f794f0ea4030d60b86/xpp3_min-1.1.4c.jar
7fdec544d000-7fdec544e000 r--s 00001000 08:11 788770                     /home/accueil/.gradle/caches/modules-2/files-2.1/xmlpull/xmlpull/1.1.3.1/2b8e230d2ab644e4ecaa94db7cdedbc40c805dfa/xmlpull-1.1.3.1.jar
7fdec544e000-7fdec54a5000 r--s 008ec000 08:11 788769                     /home/accueil/.gradle/caches/modules-2/files-2.1/com.ibm.icu/icu4j/53.1/786d9055d4ca8c1aab4a7d4ac8283f973fd7e41f/icu4j-53.1.jar
7fdec54a5000-7fdec54a8000 r--s 0001d000 08:11 788768                     /home/accueil/.gradle/caches/modules-2/files-2.1/com.almworks.sqlite4java/sqlite4java/0.282/745a7e2f35fdbe6336922e0d492c979dbbfa74fb/sqlite4java-0.282.jar
7fdec54a8000-7fdec54a9000 r--s 0000c000 08:11 788758                     /home/accueil/.gradle/caches/modules-2/files-2.1/org.ow2.asm/asm/5.0.1/2fd56467a018aafe6ec6a73ccba520be4a7e1565/asm-5.0.1.jar
7fdec54a9000-7fdec54ab000 r--s 00006000 08:11 788757                     /home/accueil/.gradle/caches/modules-2/files-2.1/org.ow2.asm/asm-tree/5.0.1/1b1e6e9d869acd704056d0a4223071a511c619e6/asm-tree-5.0.1.jar
7fdec54ab000-7fdec54ad000 r--s 00009000 08:11 788755                     /home/accueil/.gradle/caches/modules-2/files-2.1/org.ow2.asm/asm-commons/5.0.1/7b7147a390a93a14d2edfdcf3f7b0e87a0939c3e/asm-commons-5.0.1.jar
7fdec54ad000-7fdec54dc000 r--s 00226000 08:11 788766                     /home/accueil/.gradle/caches/modules-2/files-2.1/com.google.guava/guava/20.0/89507701249388e1ed5ddcf8c41f4ce1be7831ef/guava-20.0.jar
7fdec54dc000-7fdec54de000 r--s 00003000 08:11 788813                     /home/accueil/.gradle/caches/modules-2/files-2.1/org.robolectric/shadowapi/3.8/d638f001e81ef737bb35db2964312360cc996a94/shadowapi-3.8.jar
7fdec54de000-7fdec54e0000 r--s 00009000 08:11 792435                     /home/accueil/.gradle/caches/modules-2/files-2.1/org.objenesis/objenesis/2.1/87c0ea803b69252868d09308b4618f766f135a96/objenesis-2.1.jar
7fdec54e0000-7fdec54f7000 r--s 00159000 08:11 788763                     /home/accueil/.gradle/caches/modules-2/files-2.1/org.apache.ant/ant/1.8.0/7b456ca6b93900f96e58cc8371f03d90a9c1c8d1/ant-1.8.0.jar
7fdec54f7000-7fdec5510000 r--s 00129000 08:11 788762                     /home/accueil/.gradle/caches/modules-2/files-2.1/org.apache.maven/maven-ant-tasks/2.1.3/b09be554228d66d208e5fef5266844aacf443abc/maven-ant-tasks-2.1.3.jar
7fdec5510000-7fdec551d000 r--s 00077000 08:11 788761                     /home/accueil/.gradle/caches/modules-2/files-2.1/com.thoughtworks.xstream/xstream/1.4.8/520d90f30f36a0d6ba2dc929d980831631ad6a92/xstream-1.4.8.jar
7fdec551d000-7fdec555d000 r--s 00285000 08:11 788815                     /home/accueil/.gradle/caches/modules-2/files-2.1/org.bouncycastle/bcprov-jdk15on/1.52/88a941faf9819d371e3174b5ed56a3f3f7d73269/bcprov-jdk15on-1.52.jar
7fdec555d000-7fdec555e000 r--s 00003000 08:11 788812                     /home/accueil/.gradle/caches/modules-2/files-2.1/org.robolectric/annotations/3.8/22b6388f900ddcf4f1bbfd3c93dadc2b77184633/annotations-3.8.jar
7fdec555e000-7fdec5560000 r--s 00006000 08:11 788811                     /home/accueil/.gradle/caches/modules-2/files-2.1/org.robolectric/utils/3.8/d6b553afcb6966d1dff4eb338684d85554674e25/utils-3.8.jar
7fdec5560000-7fdec5562000 r--s 00017000 08:11 788810                     /home/accueil/.gradle/caches/modules-2/files-2.1/org.robolectric/sandbox/3.8/e3eecf2fd24866cf73c6aaa5880a6cbec2570b0a/sandbox-3.8.jar
7fdec5562000-7fdec5565000 r--s 00025000 08:11 788808                     /home/accueil/.gradle/caches/modules-2/files-2.1/org.robolectric/resources/3.8/1b1f2d3a0fdc1381a8d19a801241f5e271adcc58/resources-3.8.jar
7fdec5565000-7fdec5566000 r--s 00002000 08:11 788807                     /home/accueil/.gradle/caches/modules-2/files-2.1/org.robolectric/junit/3.8/5e5f6e601446330afa7acb04ffe80ef081e6f618/junit-3.8.jar
7fdec5566000-7fdec5568000 r--s 00009000 08:11 791346                     /home/accueil/.gradle/caches/modules-2/files-2.1/org.hamcrest/hamcrest-core/1.3/42a25dc3219429f0e5d060061f71acb49bf010a0/hamcrest-core-1.3.jar
7fdec5568000-7fdec5569000 r--s 0000c000 08:11 791343                     /home/accueil/.gradle/caches/modules-2/files-2.1/org.hamcrest/hamcrest-library/1.3/4785a3c21320980282f9f33d0d1264a69040538f/hamcrest-library-1.3.jar
7fdec5569000-7fdec556e000 r--s 00022000 08:11 788764                     /home/accueil/.gradle/caches/modules-2/files-2.1/com.google.android.apps.common.testing.accessibility.framework/accessibility-test-framework/2.1/c2d6267c3ad0435ddf9e27a94a0e0af4ca3fdfbb/accessibility-test-framework-2.1.jar
7fdec556e000-7fdec557d000 r--s 002b7000 08:11 788814                     /home/accueil/.gradle/caches/modules-2/files-2.1/org.robolectric/shadows-framework/3.8/c64e0a9b3cda8deb2293231b1fd46acdd69e84f4/shadows-framework-3.8.jar
7fdec557d000-7fdec557f000 r--s 0000e000 08:11 788923                     /home/accueil/.gradle/caches/modules-2/files-2.1/commons-logging/commons-logging/1.2/4bfc12adfe4842bf07b657f0369c4cb522955686/commons-logging-1.2.jar
7fdec557f000-7fdec5583000 r--s 00020000 08:11 788926                     /home/accueil/.gradle/caches/modules-2/files-2.1/commons-digester/commons-digester/1.8.1/3dec9b9c7ea9342d4dbe8c38560080d85b44a015/commons-digester-1.8.1.jar
7fdec5583000-7fdec5588000 r--s 00034000 08:11 788924                     /home/accueil/.gradle/caches/modules-2/files-2.1/commons-beanutils/commons-beanutils/1.8.3/686ef3410bcf4ab8ce7fd0b899e832aaba5facf7/commons-beanutils-1.8.3.jar
7fdec5588000-7fdec558a000 r--s 00019000 08:11 788933                     /home/accueil/.gradle/caches/modules-2/files-2.1/com.android.support.constraint/constraint-layout-solver/1.1.2/bfc967828daffc35ba01c9ee204d98b664930a0f/constraint-layout-solver-1.1.2.jar
7fdec558a000-7fdec558c000 r--s 00005000 08:11 791295                     /home/accueil/.gradle/caches/modules-2/files-2.1/com.android.support/support-annotations/28.0.0-alpha3/7f23bd602124f31bda99edc5ee8a3bee209dae67/support-annotations-28.0.0-alpha3.jar
7fdec558c000-7fdec558d000 r--s 00001000 08:11 1838259                    /home/accueil/.gradle/caches/transforms-1/files-1.1/interpolator-28.0.0-alpha3.aar/18bfcec4f454e669aa125511b912f00b/jars/classes.jar
7fdec558d000-7fdec558e000 r--s 00002000 08:11 791293                     /home/accueil/.gradle/caches/modules-2/files-2.1/android.arch.core/common/1.1.1/e55b70d1f5620db124b3e85a7f4bdc7bd48d9f95/common-1.1.1.jar
7fdec558e000-7fdec5590000 r--s 00000000 08:11 1838252                    /home/accueil/.gradle/caches/transforms-1/files-1.1/runtime-1.1.1.aar/a11a9ee55d0216df602ab632e0b6790b/jars/classes.jar
7fdec5590000-7fdec5592000 r--s 00004000 08:11 791291                     /home/accueil/.gradle/caches/modules-2/files-2.1/android.arch.lifecycle/common/1.1.1/207a6efae6a3555e326de41f76bdadd9a239cbce/common-1.1.1.jar
7fdec5592000-7fdec5594000 r--s 00001000 08:11 1838236                    /home/accueil/.gradle/caches/transforms-1/files-1.1/livedata-core-1.1.1.aar/6e5b776f3963a8e76e8424737945bf8f/jars/classes.jar
7fdec5594000-7fdec5595000 r--s 00001000 08:11 1838243                    /home/accueil/.gradle/caches/transforms-1/files-1.1/viewmodel-1.1.1.aar/a6a54a98c05800c5a37fd23468a4f1c7/jars/classes.jar
7fdec5595000-7fdec5596000 r--s 00003000 08:11 1838227                    /home/accueil/.gradle/caches/transforms-1/files-1.1/print-28.0.0-alpha3.aar/2761dbdcb5190100f714752cc0bf2aa3/jars/classes.jar
7fdec5596000-7fdec5597000 r--s 00001000 08:11 1838271                    /home/accueil/.gradle/caches/transforms-1/files-1.1/localbroadcastmanager-28.0.0-alpha3.aar/0d6faf92969583ec8b2dc8785cb0b627/jars/classes.jar
7fdec5597000-7fdec5598000 r--s 00002000 08:11 1838210                    /home/accueil/.gradle/caches/transforms-1/files-1.1/documentfile-28.0.0-alpha3.aar/0e6c30ce5e004ab02ec8580aee0abedd/jars/classes.jar
7fdec5598000-7fdec5599000 r--s 00006000 08:11 1838218                    /home/accueil/.gradle/caches/transforms-1/files-1.1/versionedparcelable-28.0.0-alpha3.aar/61de471649324b368bdf407023818690/jars/classes.jar
7fdec5599000-7fdec559a000 r--s 00002000 08:11 1838195                    /home/accueil/.gradle/caches/transforms-1/files-1.1/runtime-1.1.1.aar/a6e1edb1081fb75321303416773d6e38/jars/classes.jar
7fdec559a000-7fdec559b000 r--s 00002000 08:11 1838202                    /home/accueil/.gradle/caches/transforms-1/files-1.1/cursoradapter-28.0.0-alpha3.aar/5d63c13b3858ffb2402eaac3a33e30d1/jars/classes.jar
7fdec559b000-7fdec559d000 r--s 00009000 08:11 791282                     /home/accueil/.gradle/caches/modules-2/files-2.1/com.android.support/collections/28.0.0-alpha3/a037a9517c0b0bdaae96b21128534af4ba706c0c/collections-28.0.0-alpha3.jar
7fdec559d000-7fdec55a9000 r--s 0008a000 08:11 1710412                    /home/accueil/.gradle/caches/transforms-1/files-1.1/support-compat-28.0.0-alpha3.aar/caaf34a51a11a999a3db08b588348b3e/jars/classes.jar
7fdec55a9000-7fdec55aa000 r--s 00001000 08:11 1183398                    /home/accueil/.gradle/caches/transforms-1/files-1.1/asynclayoutinflater-28.0.0-alpha3.aar/c646a72f29613f8d97383b35df03f43a/jars/classes.jar
7fdec55aa000-7fdec55ac000 r--s 00007000 08:11 1183396                    /home/accueil/.gradle/caches/transforms-1/files-1.1/swiperefreshlayout-28.0.0-alpha3.aar/687422ebc733f039ee98bd4b14382190/jars/classes.jar
7fdec55ac000-7fdec55ae000 r--s 00007000 08:11 269581                     /home/accueil/.gradle/caches/transforms-1/files-1.1/customview-28.0.0-alpha3.aar/8bc85fb2060d376de0c8fa42f4b2c0fa/jars/classes.jar
7fdec55ae000-7fdec55af000 r--s 00005000 08:11 7085300                    /home/accueil/.gradle/caches/transforms-1/files-1.1/slidingpanelayout-28.0.0-alpha3.aar/50df77f5ff3382c81bf67f2f914c3d51/jars/classes.jar
7fdec55af000-7fdec55b1000 r--s 00009000 08:11 6953035                    /home/accueil/.gradle/caches/transforms-1/files-1.1/coordinatorlayout-28.0.0-alpha3.aar/e06be9d1ef811b7fb00f93e1df23ba7c/jars/classes.jar
7fdec55b1000-7fdec55b2000 ---p 00000000 00:00 0 
7fdec55b2000-7fdec56b2000 rw-p 00000000 00:00 0 
7fdec56b2000-7fdec56b5000 ---p 00000000 00:00 0 
7fdec56b5000-7fdec57b3000 rw-p 00000000 00:00 0 
7fdec57b3000-7fdec57b4000 ---p 00000000 00:00 0 
7fdec57b4000-7fdec57b7000 ---p 00000000 00:00 0 
7fdec57b7000-7fdec58b4000 rw-p 00000000 00:00 0 
7fdec58b4000-7fdec58b5000 ---p 00000000 00:00 0 
7fdec58b5000-7fdec58b8000 ---p 00000000 00:00 0 
7fdec58b8000-7fdec59b5000 rw-p 00000000 00:00 0 
7fdec59b5000-7fdec59b6000 ---p 00000000 00:00 0 
7fdec59b6000-7fdec59b9000 ---p 00000000 00:00 0 
7fdec59b9000-7fdec5ab6000 rw-p 00000000 00:00 0 
7fdec5ab6000-7fdec5ab9000 ---p 00000000 00:00 0 
7fdec5ab9000-7fdec5bb7000 rw-p 00000000 00:00 0 
7fdec5bb7000-7fdec5bdd000 r--p 00000000 08:11 6950582                    /usr/share/locale-langpack/fr/LC_MESSAGES/libc.mo
7fdec5bdd000-7fdec65ac000 r--p 00000000 08:11 6167280                    /usr/lib/locale/locale-archive
7fdec65ac000-7fdec65af000 ---p 00000000 00:00 0 
7fdec65af000-7fdec66ad000 rw-p 00000000 00:00 0 
7fdec66ad000-7fdec66b0000 ---p 00000000 00:00 0 
7fdec66b0000-7fdec67ae000 rw-p 00000000 00:00 0 
7fdec67ae000-7fdec67af000 ---p 00000000 00:00 0 
7fdec67af000-7fdec8000000 rw-p 00000000 00:00 0 
7fdec8000000-7fdec8021000 rw-p 00000000 00:00 0 
7fdec8021000-7fdecc000000 ---p 00000000 00:00 0 
7fdecc000000-7fdecc01c000 r--s 00103000 08:11 792436                     /home/accueil/.gradle/caches/modules-2/files-2.1/org.mockito/mockito-core/1.10.19/e8546f5bef4e061d8dd73895b4e8f40e3fe6effe/mockito-core-1.10.19.jar
7fdecc01c000-7fdecc06a000 rw-p 00000000 00:00 0 
7fdecc06a000-7fdecc23a000 r--s 03c46000 08:11 3017337                    /opt/android-studio/jre/jre/lib/rt.jar
7fdecc23a000-7fded0000000 rw-p 00000000 00:00 0 
7fded0000000-7fded0021000 rw-p 00000000 00:00 0 
7fded0021000-7fded4000000 ---p 00000000 00:00 0 
7fded4000000-7fded4001000 r--s 00007000 08:11 6821024                    /home/accueil/.gradle/caches/transforms-1/files-1.1/drawerlayout-28.0.0-alpha3.aar/2301cb36085a3f51a40572519b7e84e4/jars/classes.jar
7fded4001000-7fded4003000 r--s 0000c000 08:11 6692727                    /home/accueil/.gradle/caches/transforms-1/files-1.1/viewpager-28.0.0-alpha3.aar/fd4e3639321f4cd7c88916df5977543d/jars/classes.jar
7fded4003000-7fded4005000 r--s 00007000 08:11 6563081                    /home/accueil/.gradle/caches/transforms-1/files-1.1/loader-28.0.0-alpha3.aar/6a71ac775d6ae090b08beee1a266c93b/jars/classes.jar
7fded4005000-7fded43da000 rw-p 00000000 00:00 0 
7fded43da000-7fded43db000 ---p 00000000 00:00 0 
7fded43db000-7fded44db000 rw-p 00000000 00:00 0 
7fded44db000-7fded44dc000 ---p 00000000 00:00 0 
7fded44dc000-7fded4606000 rw-p 00000000 00:00 0 
7fded4606000-7fded486a000 ---p 00000000 00:00 0 
7fded486a000-7fded4894000 rw-p 00000000 00:00 0 
7fded4894000-7fded4af8000 ---p 00000000 00:00 0 
7fded4af8000-7fded4b46000 rw-p 00000000 00:00 0 
7fded4b46000-7fded4c3f000 ---p 00000000 00:00 0 
7fded4c3f000-7fded4c67000 rw-p 00000000 00:00 0 
7fded4c67000-7fded5000000 ---p 00000000 00:00 0 
7fded5000000-7fded59b0000 rwxp 00000000 00:00 0 
7fded59b0000-7fdee4000000 ---p 00000000 00:00 0 
7fdee4000000-7fdee45f5000 rw-p 00000000 00:00 0 
7fdee45f5000-7fdee8000000 ---p 00000000 00:00 0 
7fdee8000000-7fdee8001000 r--s 00007000 08:11 6430097                    /home/accueil/.gradle/caches/transforms-1/files-1.1/support-vector-drawable-28.0.0-alpha3.aar/d5d31373b704b23bea6eeb91befd1a73/jars/classes.jar
7fdee8001000-7fdee8002000 r--s 00000000 08:11 6298486                    /home/accueil/.gradle/caches/transforms-1/files-1.1/support-core-utils-28.0.0-alpha3.aar/6a8b54f79b272f50610ba606713b3529/jars/classes.jar
7fdee8002000-7fdee8003000 r--s 00002000 08:11 6173533                    /home/accueil/.gradle/caches/transforms-1/files-1.1/support-core-ui-28.0.0-alpha3.aar/a52fbca42296ba9e9c95063a19059588/jars/classes.jar
7fdee8003000-7fdee8045000 rw-p 00000000 00:00 0 
7fdee8045000-7fdee8046000 ---p 00000000 00:00 0 
7fdee8046000-7fdee8146000 rw-p 00000000 00:00 0 
7fdee8146000-7fdee8147000 ---p 00000000 00:00 0 
7fdee8147000-7fdee8247000 rw-p 00000000 00:00 0 
7fdee8247000-7fdee8261000 r-xp 00000000 08:11 3017296                    /opt/android-studio/jre/jre/lib/amd64/libzip.so
7fdee8261000-7fdee8461000 ---p 0001a000 08:11 3017296                    /opt/android-studio/jre/jre/lib/amd64/libzip.so
7fdee8461000-7fdee8462000 r--p 0001a000 08:11 3017296                    /opt/android-studio/jre/jre/lib/amd64/libzip.so
7fdee8462000-7fdee8463000 rw-p 0001b000 08:11 3017296                    /opt/android-studio/jre/jre/lib/amd64/libzip.so
7fdee8463000-7fdee846e000 r-xp 00000000 08:11 4985585                    /lib/x86_64-linux-gnu/libnss_files-2.27.so
7fdee846e000-7fdee866d000 ---p 0000b000 08:11 4985585                    /lib/x86_64-linux-gnu/libnss_files-2.27.so
7fdee866d000-7fdee866e000 r--p 0000a000 08:11 4985585                    /lib/x86_64-linux-gnu/libnss_files-2.27.so
7fdee866e000-7fdee866f000 rw-p 0000b000 08:11 4985585                    /lib/x86_64-linux-gnu/libnss_files-2.27.so
7fdee866f000-7fdee8675000 rw-p 00000000 00:00 0 
7fdee8675000-7fdee868c000 r-xp 00000000 08:11 4985579                    /lib/x86_64-linux-gnu/libnsl-2.27.so
7fdee868c000-7fdee888b000 ---p 00017000 08:11 4985579                    /lib/x86_64-linux-gnu/libnsl-2.27.so
7fdee888b000-7fdee888c000 r--p 00016000 08:11 4985579                    /lib/x86_64-linux-gnu/libnsl-2.27.so
7fdee888c000-7fdee888d000 rw-p 00017000 08:11 4985579                    /lib/x86_64-linux-gnu/libnsl-2.27.so
7fdee888d000-7fdee888f000 rw-p 00000000 00:00 0 
7fdee888f000-7fdee889a000 r-xp 00000000 08:11 4985596                    /lib/x86_64-linux-gnu/libnss_nis-2.27.so
7fdee889a000-7fdee8a99000 ---p 0000b000 08:11 4985596                    /lib/x86_64-linux-gnu/libnss_nis-2.27.so
7fdee8a99000-7fdee8a9a000 r--p 0000a000 08:11 4985596                    /lib/x86_64-linux-gnu/libnss_nis-2.27.so
7fdee8a9a000-7fdee8a9b000 rw-p 0000b000 08:11 4985596                    /lib/x86_64-linux-gnu/libnss_nis-2.27.so
7fdee8a9b000-7fdee8aa3000 r-xp 00000000 08:11 4985581                    /lib/x86_64-linux-gnu/libnss_compat-2.27.so
7fdee8aa3000-7fdee8ca3000 ---p 00008000 08:11 4985581                    /lib/x86_64-linux-gnu/libnss_compat-2.27.so
7fdee8ca3000-7fdee8ca4000 r--p 00008000 08:11 4985581                    /lib/x86_64-linux-gnu/libnss_compat-2.27.so
7fdee8ca4000-7fdee8ca5000 rw-p 00009000 08:11 4985581                    /lib/x86_64-linux-gnu/libnss_compat-2.27.so
7fdee8ca5000-7fdee8cd2000 r-xp 00000000 08:11 3017304                    /opt/android-studio/jre/jre/lib/amd64/libjava.so
7fdee8cd2000-7fdee8ed1000 ---p 0002d000 08:11 3017304                    /opt/android-studio/jre/jre/lib/amd64/libjava.so
7fdee8ed1000-7fdee8ed2000 r--p 0002c000 08:11 3017304                    /opt/android-studio/jre/jre/lib/amd64/libjava.so
7fdee8ed2000-7fdee8ed4000 rw-p 0002d000 08:11 3017304                    /opt/android-studio/jre/jre/lib/amd64/libjava.so
7fdee8ed4000-7fdee8ee4000 r-xp 00000000 08:11 3017292                    /opt/android-studio/jre/jre/lib/amd64/libverify.so
7fdee8ee4000-7fdee90e3000 ---p 00010000 08:11 3017292                    /opt/android-studio/jre/jre/lib/amd64/libverify.so
7fdee90e3000-7fdee90e5000 r--p 0000f000 08:11 3017292                    /opt/android-studio/jre/jre/lib/amd64/libverify.so
7fdee90e5000-7fdee90e6000 rw-p 00011000 08:11 3017292                    /opt/android-studio/jre/jre/lib/amd64/libverify.so
7fdee90e6000-7fdee90ed000 r-xp 00000000 08:11 4985636                    /lib/x86_64-linux-gnu/librt-2.27.so
7fdee90ed000-7fdee92ec000 ---p 00007000 08:11 4985636                    /lib/x86_64-linux-gnu/librt-2.27.so
7fdee92ec000-7fdee92ed000 r--p 00006000 08:11 4985636                    /lib/x86_64-linux-gnu/librt-2.27.so
7fdee92ed000-7fdee92ee000 rw-p 00007000 08:11 4985636                    /lib/x86_64-linux-gnu/librt-2.27.so
7fdee92ee000-7fdee948b000 r-xp 00000000 08:11 4985558                    /lib/x86_64-linux-gnu/libm-2.27.so
7fdee948b000-7fdee968a000 ---p 0019d000 08:11 4985558                    /lib/x86_64-linux-gnu/libm-2.27.so
7fdee968a000-7fdee968b000 r--p 0019c000 08:11 4985558                    /lib/x86_64-linux-gnu/libm-2.27.so
7fdee968b000-7fdee968c000 rw-p 0019d000 08:11 4985558                    /lib/x86_64-linux-gnu/libm-2.27.so
7fdee968c000-7fdeea288000 r-xp 00000000 08:11 3017314                    /opt/android-studio/jre/jre/lib/amd64/server/libjvm.so
7fdeea288000-7fdeea488000 ---p 00bfc000 08:11 3017314                    /opt/android-studio/jre/jre/lib/amd64/server/libjvm.so
7fdeea488000-7fdeea528000 r--p 00bfc000 08:11 3017314                    /opt/android-studio/jre/jre/lib/amd64/server/libjvm.so
7fdeea528000-7fdeea551000 rw-p 00c9c000 08:11 3017314                    /opt/android-studio/jre/jre/lib/amd64/server/libjvm.so
7fdeea551000-7fdeea595000 rw-p 00000000 00:00 0 
7fdeea595000-7fdeea5af000 r-xp 00000000 08:11 4985628                    /lib/x86_64-linux-gnu/libpthread-2.27.so
7fdeea5af000-7fdeea7ae000 ---p 0001a000 08:11 4985628                    /lib/x86_64-linux-gnu/libpthread-2.27.so
7fdeea7ae000-7fdeea7af000 r--p 00019000 08:11 4985628                    /lib/x86_64-linux-gnu/libpthread-2.27.so
7fdeea7af000-7fdeea7b0000 rw-p 0001a000 08:11 4985628                    /lib/x86_64-linux-gnu/libpthread-2.27.so
7fdeea7b0000-7fdeea7b4000 rw-p 00000000 00:00 0 
7fdeea7b4000-7fdeea7b7000 r-xp 00000000 08:11 4985518                    /lib/x86_64-linux-gnu/libdl-2.27.so
7fdeea7b7000-7fdeea9b6000 ---p 00003000 08:11 4985518                    /lib/x86_64-linux-gnu/libdl-2.27.so
7fdeea9b6000-7fdeea9b7000 r--p 00002000 08:11 4985518                    /lib/x86_64-linux-gnu/libdl-2.27.so
7fdeea9b7000-7fdeea9b8000 rw-p 00003000 08:11 4985518                    /lib/x86_64-linux-gnu/libdl-2.27.so
7fdeea9b8000-7fdeeab9f000 r-xp 00000000 08:11 4985495                    /lib/x86_64-linux-gnu/libc-2.27.so
7fdeeab9f000-7fdeead9f000 ---p 001e7000 08:11 4985495                    /lib/x86_64-linux-gnu/libc-2.27.so
7fdeead9f000-7fdeeada3000 r--p 001e7000 08:11 4985495                    /lib/x86_64-linux-gnu/libc-2.27.so
7fdeeada3000-7fdeeada5000 rw-p 001eb000 08:11 4985495                    /lib/x86_64-linux-gnu/libc-2.27.so
7fdeeada5000-7fdeeada9000 rw-p 00000000 00:00 0 
7fdeeada9000-7fdeeadbf000 r-xp 00000000 08:11 3017206                    /opt/android-studio/jre/lib/amd64/jli/libjli.so
7fdeeadbf000-7fdeeafbe000 ---p 00016000 08:11 3017206                    /opt/android-studio/jre/lib/amd64/jli/libjli.so
7fdeeafbe000-7fdeeafbf000 r--p 00015000 08:11 3017206                    /opt/android-studio/jre/lib/amd64/jli/libjli.so
7fdeeafbf000-7fdeeafc0000 rw-p 00016000 08:11 3017206                    /opt/android-studio/jre/lib/amd64/jli/libjli.so
7fdeeafc0000-7fdeeafe7000 r-xp 00000000 08:11 4985467                    /lib/x86_64-linux-gnu/ld-2.27.so
7fdeeafe7000-7fdeeafe8000 r--s 00008000 08:11 6173522                    /home/accueil/.gradle/caches/transforms-1/files-1.1/animated-vector-drawable-28.0.0-alpha3.aar/5acb0b26e0221e73db30a6bb22aebb0e/jars/classes.jar
7fdeeafe8000-7fdeeafeb000 r--s 00026000 08:11 6298496                    /home/accueil/.gradle/caches/transforms-1/files-1.1/support-fragment-28.0.0-alpha3.aar/d28cfdc206b07fddbedcbe17cb7e293f/jars/classes.jar
7fdeeafeb000-7fdeeafee000 r--s 00016000 08:11 788809                     /home/accueil/.gradle/caches/modules-2/files-2.1/org.robolectric/robolectric/3.8/a9d7b74a972fb89d056d24a40b12a63feded7e4/robolectric-3.8.jar
7fdeeafee000-7fdeeaff6000 r--s 00045000 08:11 791344                     /home/accueil/.gradle/caches/modules-2/files-2.1/junit/junit/4.12/2973d150c0dc1fefe998f834810d68f278ea58ec/junit-4.12.jar
7fdeeaff6000-7fdeeaffa000 r--s 0002b000 08:11 788922                     /home/accueil/.gradle/caches/modules-2/files-2.1/commons-validator/commons-validator/1.4.1/2231238e391057a53f92bde5bbc588622c1956c3/commons-validator-1.4.1.jar
7fdeeaffa000-7fdeeb004000 r--s 0009f000 08:11 6821028                    /home/accueil/.gradle/caches/transforms-1/files-1.1/appcompat-v7-28.0.0-alpha3.aar/280ea59b4783d93b48bd2fa1ca4fe0e3/jars/classes.jar
7fdeeb004000-7fdeeb0cf000 rw-p 00000000 00:00 0 
7fdeeb0cf000-7fdeeb0d0000 ---p 00000000 00:00 0 
7fdeeb0d0000-7fdeeb0d3000 ---p 00000000 00:00 0 
7fdeeb0d3000-7fdeeb1d2000 rw-p 00000000 00:00 0 
7fdeeb1d2000-7fdeeb1d3000 r--s 0000e000 08:11 2239139                    /home/accueil/.gradle/caches/transforms-1/files-1.1/constraint-layout-1.1.2.aar/03ebb9c693ad1a295d08a9bd9c00d25a/jars/classes.jar
7fdeeb1d3000-7fdeeb1da000 r--s 00000000 08:11 6425112                    /usr/lib/x86_64-linux-gnu/gconv/gconv-modules.cache
7fdeeb1da000-7fdeeb1db000 r--s 00006000 08:11 6037590                    /home/accueil/.gradle/caches/4.4/workerMain/gradle-worker.jar
7fdeeb1db000-7fdeeb1e3000 rw-s 00000000 08:11 788961                     /tmp/hsperfdata_accueil/15168
7fdeeb1e3000-7fdeeb1e4000 rw-p 00000000 00:00 0 
7fdeeb1e4000-7fdeeb1e5000 ---p 00000000 00:00 0 
7fdeeb1e5000-7fdeeb1e7000 rw-p 00000000 00:00 0 
7fdeeb1e7000-7fdeeb1e8000 r--p 00027000 08:11 4985467                    /lib/x86_64-linux-gnu/ld-2.27.so
7fdeeb1e8000-7fdeeb1e9000 rw-p 00028000 08:11 4985467                    /lib/x86_64-linux-gnu/ld-2.27.so
7fdeeb1e9000-7fdeeb1ea000 rw-p 00000000 00:00 0 
7ffd79f2b000-7ffd79f4c000 rw-p 00000000 00:00 0                          [stack]
7ffd79fdb000-7ffd79fde000 r--p 00000000 00:00 0                          [vvar]
7ffd79fde000-7ffd79fe0000 r-xp 00000000 00:00 0                          [vdso]
ffffffffff600000-ffffffffff601000 r-xp 00000000 00:00 0                  [vsyscall]

VM Arguments:
jvm_args: -Djava.awt.headless=true -Djava.security.manager=worker.org.gradle.process.internal.worker.child.BootstrapSecurityManager -Dorg.gradle.native=false -Dfile.encoding=UTF-8 -Duser.country=FR -Duser.language=fr -Duser.variant -ea 
java_command: worker.org.gradle.process.internal.worker.GradleWorkerMain 'Gradle Test Executor 21'
java_class_path (initial): /home/accueil/.gradle/caches/4.4/workerMain/gradle-worker.jar
Launcher Type: SUN_STANDARD

Environment Variables:
PATH=/usr/local/sbin:/usr/local/bin:/usr/sbin:/usr/bin:/sbin:/bin:/usr/games:/usr/local/games:/snap/bin
USERNAME=accueil
SHELL=/bin/bash
DISPLAY=:0

Signal Handlers:
SIGSEGV: [libjvm.so+0x9edb30], sa_mask[0]=11111111011111111101111111111110, sa_flags=SA_RESTART|SA_SIGINFO
SIGBUS: [libjvm.so+0x9edb30], sa_mask[0]=11111111011111111101111111111110, sa_flags=SA_RESTART|SA_SIGINFO
SIGFPE: [libjvm.so+0x84e800], sa_mask[0]=11111111011111111101111111111110, sa_flags=SA_RESTART|SA_SIGINFO
SIGPIPE: [libjvm.so+0x84e800], sa_mask[0]=11111111011111111101111111111110, sa_flags=SA_RESTART|SA_SIGINFO
SIGXFSZ: [libjvm.so+0x84e800], sa_mask[0]=11111111011111111101111111111110, sa_flags=SA_RESTART|SA_SIGINFO
SIGILL: [libjvm.so+0x84e800], sa_mask[0]=11111111011111111101111111111110, sa_flags=SA_RESTART|SA_SIGINFO
SIGUSR1: SIG_DFL, sa_mask[0]=00000000000000000000000000000000, sa_flags=none
SIGUSR2: [libjvm.so+0x84e6d0], sa_mask[0]=00100000000000000000000000000000, sa_flags=SA_RESTART|SA_SIGINFO
SIGHUP: [libjvm.so+0x84e8c0], sa_mask[0]=11111111011111111101111111111110, sa_flags=SA_RESTART|SA_SIGINFO
SIGINT: [libjvm.so+0x84e8c0], sa_mask[0]=11111111011111111101111111111110, sa_flags=SA_RESTART|SA_SIGINFO
SIGTERM: [libjvm.so+0x84e8c0], sa_mask[0]=11111111011111111101111111111110, sa_flags=SA_RESTART|SA_SIGINFO
SIGQUIT: [libjvm.so+0x84e8c0], sa_mask[0]=11111111011111111101111111111110, sa_flags=SA_RESTART|SA_SIGINFO


---------------  S Y S T E M  ---------------

OS:DISTRIB_ID=Ubuntu
DISTRIB_RELEASE=18.04
DISTRIB_CODENAME=bionic
DISTRIB_DESCRIPTION="Ubuntu 18.04 LTS"

uname:Linux 4.15.0-29-generic #31-Ubuntu SMP Tue Jul 17 15:39:52 UTC 2018 x86_64
libc:glibc 2.27 NPTL 2.27 
rlimit: STACK 8192k, CORE 0k, NPROC 31151, NOFILE 1048576, AS infinity
load average:4,12 2,70 1,62

/proc/meminfo:
MemTotal:        8033992 kB
MemFree:          119692 kB
MemAvailable:      31160 kB
Buffers:            1188 kB
Cached:           409132 kB
SwapCached:        13088 kB
Active:          6768564 kB
Inactive:         863832 kB
Active(anon):    6736960 kB
Inactive(anon):   841720 kB
Active(file):      31604 kB
Inactive(file):    22112 kB
Unevictable:          32 kB
Mlocked:              32 kB
SwapTotal:       2097148 kB
SwapFree:              0 kB
Dirty:                44 kB
Writeback:             0 kB
AnonPages:       7209640 kB
Mapped:           215504 kB
Shmem:            356504 kB
Slab:             111432 kB
SReclaimable:      49272 kB
SUnreclaim:        62160 kB
KernelStack:       14240 kB
PageTables:        57724 kB
NFS_Unstable:          0 kB
Bounce:                0 kB
WritebackTmp:          0 kB
CommitLimit:     6114144 kB
Committed_AS:   15034260 kB
VmallocTotal:   34359738367 kB
VmallocUsed:           0 kB
VmallocChunk:          0 kB
HardwareCorrupted:     0 kB
AnonHugePages:      8192 kB
ShmemHugePages:        0 kB
ShmemPmdMapped:        0 kB
CmaTotal:              0 kB
CmaFree:               0 kB
HugePages_Total:       0
HugePages_Free:        0
HugePages_Rsvd:        0
HugePages_Surp:        0
Hugepagesize:       2048 kB
DirectMap4k:      203380 kB
DirectMap2M:     5953536 kB
DirectMap1G:     2097152 kB


CPU:total 4 (initial active 4) (2 cores per cpu, 2 threads per core) family 6 model 142 stepping 9, cmov, cx8, fxsr, mmx, sse, sse2, sse3, ssse3, sse4.1, sse4.2, popcnt, avx, avx2, aes, clmul, erms, 3dnowpref, lzcnt, ht, tsc, tscinvbit, bmi1, bmi2, adx

/proc/cpuinfo:
processor	: 0
vendor_id	: GenuineIntel
cpu family	: 6
model		: 142
model name	: Intel(R) Core(TM) i5-7200U CPU @ 2.50GHz
stepping	: 9
microcode	: 0x84
cpu MHz		: 3099.999
cache size	: 3072 KB
physical id	: 0
siblings	: 4
core id		: 0
cpu cores	: 2
apicid		: 0
initial apicid	: 0
fpu		: yes
fpu_exception	: yes
cpuid level	: 22
wp		: yes
flags		: fpu vme de pse tsc msr pae mce cx8 apic sep mtrr pge mca cmov pat pse36 clflush dts acpi mmx fxsr sse sse2 ss ht tm pbe syscall nx pdpe1gb rdtscp lm constant_tsc art arch_perfmon pebs bts rep_good nopl xtopology nonstop_tsc cpuid aperfmperf tsc_known_freq pni pclmulqdq dtes64 monitor ds_cpl vmx est tm2 ssse3 sdbg fma cx16 xtpr pdcm pcid sse4_1 sse4_2 x2apic movbe popcnt tsc_deadline_timer aes xsave avx f16c rdrand lahf_lm abm 3dnowprefetch cpuid_fault epb invpcid_single pti ibrs ibpb stibp tpr_shadow vnmi flexpriority ept vpid fsgsbase tsc_adjust bmi1 avx2 smep bmi2 erms invpcid mpx rdseed adx smap clflushopt intel_pt xsaveopt xsavec xgetbv1 xsaves dtherm ida arat pln pts hwp hwp_notify hwp_act_window hwp_epp
bugs		: cpu_meltdown spectre_v1 spectre_v2 spec_store_bypass
bogomips	: 5424.00
clflush size	: 64
cache_alignment	: 64
address sizes	: 39 bits physical, 48 bits virtual
power management:

processor	: 1
vendor_id	: GenuineIntel
cpu family	: 6
model		: 142
model name	: Intel(R) Core(TM) i5-7200U CPU @ 2.50GHz
stepping	: 9
microcode	: 0x84
cpu MHz		: 3099.999
cache size	: 3072 KB
physical id	: 0
siblings	: 4
core id		: 1
cpu cores	: 2
apicid		: 2
initial apicid	: 2
fpu		: yes
fpu_exception	: yes
cpuid level	: 22
wp		: yes
flags		: fpu vme de pse tsc msr pae mce cx8 apic sep mtrr pge mca cmov pat pse36 clflush dts acpi mmx fxsr sse sse2 ss ht tm pbe syscall nx pdpe1gb rdtscp lm constant_tsc art arch_perfmon pebs bts rep_good nopl xtopology nonstop_tsc cpuid aperfmperf tsc_known_freq pni pclmulqdq dtes64 monitor ds_cpl vmx est tm2 ssse3 sdbg fma cx16 xtpr pdcm pcid sse4_1 sse4_2 x2apic movbe popcnt tsc_deadline_timer aes xsave avx f16c rdrand lahf_lm abm 3dnowprefetch cpuid_fault epb invpcid_single pti ibrs ibpb stibp tpr_shadow vnmi flexpriority ept vpid fsgsbase tsc_adjust bmi1 avx2 smep bmi2 erms invpcid mpx rdseed adx smap clflushopt intel_pt xsaveopt xsavec xgetbv1 xsaves dtherm ida arat pln pts hwp hwp_notify hwp_act_window hwp_epp
bugs		: cpu_meltdown spectre_v1 spectre_v2 spec_store_bypass
bogomips	: 5424.00
clflush size	: 64
cache_alignment	: 64
address sizes	: 39 bits physical, 48 bits virtual
power management:

processor	: 2
vendor_id	: GenuineIntel
cpu family	: 6
model		: 142
model name	: Intel(R) Core(TM) i5-7200U CPU @ 2.50GHz
stepping	: 9
microcode	: 0x84
cpu MHz		: 3100.000
cache size	: 3072 KB
physical id	: 0
siblings	: 4
core id		: 0
cpu cores	: 2
apicid		: 1
initial apicid	: 1
fpu		: yes
fpu_exception	: yes
cpuid level	: 22
wp		: yes
flags		: fpu vme de pse tsc msr pae mce cx8 apic sep mtrr pge mca cmov pat pse36 clflush dts acpi mmx fxsr sse sse2 ss ht tm pbe syscall nx pdpe1gb rdtscp lm constant_tsc art arch_perfmon pebs bts rep_good nopl xtopology nonstop_tsc cpuid aperfmperf tsc_known_freq pni pclmulqdq dtes64 monitor ds_cpl vmx est tm2 ssse3 sdbg fma cx16 xtpr pdcm pcid sse4_1 sse4_2 x2apic movbe popcnt tsc_deadline_timer aes xsave avx f16c rdrand lahf_lm abm 3dnowprefetch cpuid_fault epb invpcid_single pti ibrs ibpb stibp tpr_shadow vnmi flexpriority ept vpid fsgsbase tsc_adjust bmi1 avx2 smep bmi2 erms invpcid mpx rdseed adx smap clflushopt intel_pt xsaveopt xsavec xgetbv1 xsaves dtherm ida arat pln pts hwp hwp_notify hwp_act_window hwp_epp
bugs		: cpu_meltdown spectre_v1 spectre_v2 spec_store_bypass
bogomips	: 5424.00
clflush size	: 64
cache_alignment	: 64
address sizes	: 39 bits physical, 48 bits virtual
power management:

processor	: 3
vendor_id	: GenuineIntel
cpu family	: 6
model		: 142
model name	: Intel(R) Core(TM) i5-7200U CPU @ 2.50GHz
stepping	: 9
microcode	: 0x84
cpu MHz		: 3099.999
cache size	: 3072 KB
physical id	: 0
siblings	: 4
core id		: 1
cpu cores	: 2
apicid		: 3
initial apicid	: 3
fpu		: yes
fpu_exception	: yes
cpuid level	: 22
wp		: yes
flags		: fpu vme de pse tsc msr pae mce cx8 apic sep mtrr pge mca cmov pat pse36 clflush dts acpi mmx fxsr sse sse2 ss ht tm pbe syscall nx pdpe1gb rdtscp lm constant_tsc art arch_perfmon pebs bts rep_good nopl xtopology nonstop_tsc cpuid aperfmperf tsc_known_freq pni pclmulqdq dtes64 monitor ds_cpl vmx est tm2 ssse3 sdbg fma cx16 xtpr pdcm pcid sse4_1 sse4_2 x2apic movbe popcnt tsc_deadline_timer aes xsave avx f16c rdrand lahf_lm abm 3dnowprefetch cpuid_fault epb invpcid_single pti ibrs ibpb stibp tpr_shadow vnmi flexpriority ept vpid fsgsbase tsc_adjust bmi1 avx2 smep bmi2 erms invpcid mpx rdseed adx smap clflushopt intel_pt xsaveopt xsavec xgetbv1 xsaves dtherm ida arat pln pts hwp hwp_notify hwp_act_window hwp_epp
bugs		: cpu_meltdown spectre_v1 spectre_v2 spec_store_bypass
bogomips	: 5424.00
clflush size	: 64
cache_alignment	: 64
address sizes	: 39 bits physical, 48 bits virtual
power management:



Memory: 4k page, physical 8033992k(129152k free), swap 2097148k(0k free)

vm_info: OpenJDK 64-Bit Server VM (25.152-b01) for linux-amd64 JRE (1.8.0_152-release-1024-b01), built by "builder" with gcc 4.8.4

time: Sun Jul 29 18:18:39 2018
elapsed time: 7 seconds (0d 0h 0m 7s)

